2023-08-07 07:49:10 INFO  Commanfun:14 - Creating user
2023-08-07 07:49:13 INFO  Commanfun:20 - User is created
2023-08-07 07:49:13 INFO  Commanfun:27 -  Reading user info
2023-08-07 07:49:15 INFO  Commanfun:31 - User info displayed
2023-08-07 07:49:15 INFO  Commanfun:38 - Updating the user
2023-08-07 07:49:18 INFO  Commanfun:50 - The user has been updated
2023-08-07 07:49:18 INFO  Commanfun:57 - Deleting the user
2023-08-07 07:49:20 INFO  Commanfun:61 - User has been deleted
2023-08-07 07:50:03 INFO  Commanfun:14 - Creating user
2023-08-07 07:50:07 INFO  Commanfun:20 - User is created
2023-08-07 07:50:07 INFO  Commanfun:27 -  Reading user info
2023-08-07 07:50:08 INFO  Commanfun:31 - User info displayed
2023-08-07 07:50:08 INFO  Commanfun:38 - Updating the user
2023-08-07 07:50:12 INFO  Commanfun:50 - The user has been updated
2023-08-07 07:50:12 INFO  Commanfun:57 - Deleting the user
2023-08-07 07:50:13 INFO  Commanfun:61 - User has been deleted
2023-08-07 07:52:48 INFO  Commanfun:14 - Creating user
2023-08-07 07:52:52 INFO  Commanfun:20 - User is created
2023-08-07 07:52:52 INFO  Commanfun:27 -  Reading user info
2023-08-07 07:52:53 INFO  Commanfun:31 - User info displayed
2023-08-07 07:52:53 INFO  Commanfun:38 - Updating the user
2023-08-07 07:52:56 INFO  Commanfun:50 - The user has been updated
2023-08-07 07:52:56 INFO  Commanfun:57 - Deleting the user
2023-08-07 07:52:58 INFO  Commanfun:61 - User has been deleted
2023-08-07 07:54:17 INFO  Commanfun:14 - Creating user
2023-08-07 07:54:20 INFO  Commanfun:20 - User is created
2023-08-07 07:54:20 INFO  Commanfun:27 -  Reading user info
2023-08-07 07:54:22 INFO  Commanfun:31 - User info displayed
2023-08-07 07:54:22 INFO  Commanfun:38 - Updating the user
2023-08-07 07:54:25 INFO  Commanfun:50 - The user has been updated
2023-08-07 07:54:25 INFO  Commanfun:57 - Deleting the user
2023-08-07 07:54:27 INFO  Commanfun:61 - User has been deleted
2023-08-07 07:54:59 INFO  Commanfun:14 - Creating user
2023-08-07 07:55:03 INFO  Commanfun:20 - User is created
2023-08-07 07:55:03 INFO  Commanfun:27 -  Reading user info
2023-08-07 07:55:04 INFO  Commanfun:31 - User info displayed
2023-08-07 07:55:04 INFO  Commanfun:38 - Updating the user
2023-08-07 07:55:08 INFO  Commanfun:50 - The user has been updated
2023-08-07 07:55:08 INFO  Commanfun:57 - Deleting the user
2023-08-07 07:55:09 INFO  Commanfun:61 - User has been deleted
